<?xml version="1.0" encoding="utf-8"?>
<ImportLog>
	<RowImport>
		<Status>Ok</Status>
		<Type>adbb33c9-0906-4971-833c-998de27e0676</Type>
		<TypeName>Attribute</TypeName>
		<Name>cambsid</Name>
		<Errors />
		<Warnings />
		<Info />
	</RowImport>
	<RowImport>
		<Status>Ok</Status>
		<Type>adbb33c9-0906-4971-833c-998de27e0676</Type>
		<TypeName>Attribute</TypeName>
		<Name>cambsdsc</Name>
		<Errors />
		<Warnings />
		<Info />
	</RowImport>
	<RowImport>
		<Status>Ok</Status>
		<Type>adbb33c9-0906-4971-833c-998de27e0676</Type>
		<TypeName>Attribute</TypeName>
		<Name>marcasid</Name>
		<Errors />
		<Warnings />
		<Info />
	</RowImport>
	<RowImport>
		<Status>Ok</Status>
		<Type>adbb33c9-0906-4971-833c-998de27e0676</Type>
		<TypeName>Attribute</TypeName>
		<Name>marcasdsc</Name>
		<Errors />
		<Warnings />
		<Info />
	</RowImport>
	<RowImport>
		<Status>Ok</Status>
		<Type>84a12160-f59b-4ad7-a683-ea4481ac23e9</Type>
		<TypeName>Procedure</TypeName>
		<Name>PDF_cambs</Name>
		<Errors />
		<Warnings />
		<Info />
	</RowImport>
	<RowImport>
		<Status>Ok</Status>
		<Type>84a12160-f59b-4ad7-a683-ea4481ac23e9</Type>
		<TypeName>Procedure</TypeName>
		<Name>PDF_marcas</Name>
		<Errors />
		<Warnings />
		<Info />
	</RowImport>
	<RowImport>
		<Status>Ok</Status>
		<Type>84a12160-f59b-4ad7-a683-ea4481ac23e9</Type>
		<TypeName>Procedure</TypeName>
		<Name>PDF_modelos</Name>
		<Errors />
		<Warnings />
		<Info />
	</RowImport>
</ImportLog>